TN:
SF:C:\workspaces\GitHub\GalaxyFarAwait\mel-get-weather\index.js
FN:7,(anonymous_0)
FN:28,buildOutput
FN:50,succeed
FN:68,fail
FN:86,getItem
FN:87,(anonymous_5)
FN:89,(anonymous_6)
FNF:7
FNH:7
FNDA:3,(anonymous_0)
FNDA:4,buildOutput
FNDA:3,succeed
FNDA:1,fail
FNDA:3,getItem
FNDA:3,(anonymous_5)
FNDA:3,(anonymous_6)
DA:3,1
DA:4,1
DA:7,1
DA:9,3
DA:11,3
DA:13,3
DA:14,3
DA:16,2
DA:17,1
DA:20,2
DA:23,1
DA:29,4
DA:51,3
DA:52,3
DA:53,3
DA:69,1
DA:70,1
DA:71,1
DA:87,3
DA:88,3
DA:89,3
DA:90,3
DA:91,1
DA:93,2
LF:24
LH:24
BRDA:16,0,0,1
BRDA:16,0,1,1
BRDA:16,1,0,2
BRDA:16,1,1,2
BRDA:51,2,0,3
BRDA:51,2,1,0
BRDA:69,3,0,1
BRDA:69,3,1,0
BRDA:90,4,0,1
BRDA:90,4,1,2
BRF:10
BRH:8
end_of_record
